<?xml version="1.0" encoding="UTF-8"?>
<testng-results skipped="0" failed="0" ignored="0" total="1" passed="1">
  <reporter-output>
  </reporter-output>
  <suite name="example suite 1" duration-ms="80" started-at="2018-01-27T10:42:24Z" finished-at="2018-01-27T10:42:24Z">
    <groups>
    </groups>
    <test name="Regression suite 1" duration-ms="80" started-at="2018-01-27T10:42:24Z" finished-at="2018-01-27T10:42:24Z">
      <class name="Maven01.Mavenfirst.Class01">
        <test-method status="PASS" signature="Testcase01()[pri:0, instance:Maven01.Mavenfirst.Class01@2669b199]" name="Testcase01" duration-ms="16" started-at="2018-01-27T16:12:24Z" finished-at="2018-01-27T16:12:24Z">
          <reporter-output>
          </reporter-output>
        </test-method> <!-- Testcase01 -->
      </class> <!-- Maven01.Mavenfirst.Class01 -->
    </test> <!-- Regression suite 1 -->
  </suite> <!-- example suite 1 -->
</testng-results>
